[2026-02-26T08:39:15.625+0000] {local_task_job_runner.py:120} INFO - ::group::Pre task execution logs
[2026-02-26T08:39:15.692+0000] {taskinstance.py:2073} INFO - Dependencies all met for dep_context=non-requeueable deps ti=<TaskInstance: elt_duckdb_pipeline.transformar_datos scheduled__2026-02-25T00:00:00+00:00 [queued]>
[2026-02-26T08:39:15.712+0000] {taskinstance.py:2073} INFO - Dependencies all met for dep_context=requeueable deps ti=<TaskInstance: elt_duckdb_pipeline.transformar_datos scheduled__2026-02-25T00:00:00+00:00 [queued]>
[2026-02-26T08:39:15.712+0000] {taskinstance.py:2303} INFO - Starting attempt 1 of 2
[2026-02-26T08:39:15.779+0000] {taskinstance.py:2327} INFO - Executing <Task(_PythonDecoratedOperator): transformar_datos> on 2026-02-25 00:00:00+00:00
[2026-02-26T08:39:15.818+0000] {warnings.py:110} WARNING - /home/***/.local/lib/python3.12/site-packages/***/task/task_runner/standard_task_runner.py:61: DeprecationWarning: This process (pid=200) is multi-threaded, use of fork() may lead to deadlocks in the child.
  pid = os.fork()

[2026-02-26T08:39:15.824+0000] {standard_task_runner.py:63} INFO - Started process 207 to run task
[2026-02-26T08:39:15.826+0000] {standard_task_runner.py:90} INFO - Running: ['***', 'tasks', 'run', 'elt_duckdb_pipeline', 'transformar_datos', 'scheduled__2026-02-25T00:00:00+00:00', '--job-id', '24', '--raw', '--subdir', 'DAGS_FOLDER/elt_duckdb_pipeline.py', '--cfg-path', '/tmp/tmpmag0x3d9']
[2026-02-26T08:39:15.830+0000] {standard_task_runner.py:91} INFO - Job 24: Subtask transformar_datos
[2026-02-26T08:39:16.373+0000] {task_command.py:426} INFO - Running <TaskInstance: elt_duckdb_pipeline.transformar_datos scheduled__2026-02-25T00:00:00+00:00 [running]> on host 248b3b7b9aa8
[2026-02-26T08:39:17.137+0000] {taskinstance.py:2644} INFO - Exporting env vars: AIRFLOW_CTX_DAG_OWNER='data_engineer' AIRFLOW_CTX_DAG_ID='elt_duckdb_pipeline' AIRFLOW_CTX_TASK_ID='transformar_datos' AIRFLOW_CTX_EXECUTION_DATE='2026-02-25T00:00:00+00:00' AIRFLOW_CTX_TRY_NUMBER='1' AIRFLOW_CTX_DAG_RUN_ID='scheduled__2026-02-25T00:00:00+00:00'
[2026-02-26T08:39:17.144+0000] {taskinstance.py:430} INFO - ::endgroup::
[2026-02-26T08:39:17.454+0000] {taskinstance.py:441} INFO - ::group::Post task execution logs
[2026-02-26T08:39:17.457+0000] {taskinstance.py:2890} ERROR - Task failed with exception
Traceback (most recent call last):
  File "/home/airflow/.local/lib/python3.12/site-packages/airflow/models/taskinstance.py", line 465, in _execute_task
    result = _execute_callable(context=context, **execute_callable_kwargs)
             ^^^^^^^^^^^^^^^^^^^^^^^^^^^^^^^^^^^^^^^^^^^^^^^^^^^^^^^^^^^^^
  File "/home/airflow/.local/lib/python3.12/site-packages/airflow/models/taskinstance.py", line 432, in _execute_callable
    return execute_callable(context=context, **execute_callable_kwargs)
           ^^^^^^^^^^^^^^^^^^^^^^^^^^^^^^^^^^^^^^^^^^^^^^^^^^^^^^^^^^^^
  File "/home/airflow/.local/lib/python3.12/site-packages/airflow/models/baseoperator.py", line 400, in wrapper
    return func(self, *args, **kwargs)
           ^^^^^^^^^^^^^^^^^^^^^^^^^^^
  File "/home/airflow/.local/lib/python3.12/site-packages/airflow/decorators/base.py", line 265, in execute
    return_value = super().execute(context)
                   ^^^^^^^^^^^^^^^^^^^^^^^^
  File "/home/airflow/.local/lib/python3.12/site-packages/airflow/models/baseoperator.py", line 400, in wrapper
    return func(self, *args, **kwargs)
           ^^^^^^^^^^^^^^^^^^^^^^^^^^^
  File "/home/airflow/.local/lib/python3.12/site-packages/airflow/operators/python.py", line 235, in execute
    return_value = self.execute_callable()
                   ^^^^^^^^^^^^^^^^^^^^^^^
  File "/home/airflow/.local/lib/python3.12/site-packages/airflow/operators/python.py", line 252, in execute_callable
    return self.python_callable(*self.op_args, **self.op_kwargs)
           ^^^^^^^^^^^^^^^^^^^^^^^^^^^^^^^^^^^^^^^^^^^^^^^^^^^^^
  File "/opt/airflow/dags/elt_duckdb_pipeline.py", line 48, in transformar_datos
    conn.execute("""
_duckdb.CatalogException: Catalog Error: Table with name staging_raw does not exist!
Did you mean "pg_settings"?

LINE 22:             FROM staging_raw
                          ^
[2026-02-26T08:39:17.509+0000] {taskinstance.py:1205} INFO - Marking task as UP_FOR_RETRY. dag_id=elt_duckdb_pipeline, task_id=transformar_datos, execution_date=20260225T000000, start_date=20260226T083915, end_date=20260226T083917
[2026-02-26T08:39:17.590+0000] {standard_task_runner.py:110} ERROR - Failed to execute job 24 for task transformar_datos (Catalog Error: Table with name staging_raw does not exist!
Did you mean "pg_settings"?

LINE 22:             FROM staging_raw
                          ^; 207)
[2026-02-26T08:39:17.640+0000] {local_task_job_runner.py:240} INFO - Task exited with return code 1
[2026-02-26T08:39:17.725+0000] {taskinstance.py:3482} INFO - 0 downstream tasks scheduled from follow-on schedule check
[2026-02-26T08:39:17.733+0000] {local_task_job_runner.py:222} INFO - ::endgroup::
