[2026-02-26T08:25:21.439+0000] {local_task_job_runner.py:120} INFO - ::group::Pre task execution logs
[2026-02-26T08:25:21.456+0000] {taskinstance.py:2073} INFO - Dependencies all met for dep_context=non-requeueable deps ti=<TaskInstance: elt_duckdb_pipeline.cargar_staging scheduled__2026-02-25T00:00:00+00:00 [queued]>
[2026-02-26T08:25:21.462+0000] {taskinstance.py:2073} INFO - Dependencies all met for dep_context=requeueable deps ti=<TaskInstance: elt_duckdb_pipeline.cargar_staging scheduled__2026-02-25T00:00:00+00:00 [queued]>
[2026-02-26T08:25:21.462+0000] {taskinstance.py:2303} INFO - Starting attempt 1 of 2
[2026-02-26T08:25:21.473+0000] {taskinstance.py:2327} INFO - Executing <Task(_PythonDecoratedOperator): cargar_staging> on 2026-02-25 00:00:00+00:00
[2026-02-26T08:25:21.481+0000] {warnings.py:110} WARNING - /home/***/.local/lib/python3.12/site-packages/***/task/task_runner/standard_task_runner.py:61: DeprecationWarning: This process (pid=90) is multi-threaded, use of fork() may lead to deadlocks in the child.
  pid = os.fork()

[2026-02-26T08:25:21.482+0000] {standard_task_runner.py:63} INFO - Started process 93 to run task
[2026-02-26T08:25:21.482+0000] {standard_task_runner.py:90} INFO - Running: ['***', 'tasks', 'run', 'elt_duckdb_pipeline', 'cargar_staging', 'scheduled__2026-02-25T00:00:00+00:00', '--job-id', '6', '--raw', '--subdir', 'DAGS_FOLDER/elt_duckdb_pipeline.py', '--cfg-path', '/tmp/tmpt00os7v8']
[2026-02-26T08:25:21.485+0000] {standard_task_runner.py:91} INFO - Job 6: Subtask cargar_staging
[2026-02-26T08:25:21.521+0000] {task_command.py:426} INFO - Running <TaskInstance: elt_duckdb_pipeline.cargar_staging scheduled__2026-02-25T00:00:00+00:00 [running]> on host 357af34e9da8
[2026-02-26T08:25:21.594+0000] {taskinstance.py:2644} INFO - Exporting env vars: AIRFLOW_CTX_DAG_OWNER='data_engineer' AIRFLOW_CTX_DAG_ID='elt_duckdb_pipeline' AIRFLOW_CTX_TASK_ID='cargar_staging' AIRFLOW_CTX_EXECUTION_DATE='2026-02-25T00:00:00+00:00' AIRFLOW_CTX_TRY_NUMBER='1' AIRFLOW_CTX_DAG_RUN_ID='scheduled__2026-02-25T00:00:00+00:00'
[2026-02-26T08:25:21.596+0000] {taskinstance.py:430} INFO - ::endgroup::
[2026-02-26T08:25:21.647+0000] {taskinstance.py:441} INFO - ::group::Post task execution logs
[2026-02-26T08:25:21.648+0000] {taskinstance.py:2890} ERROR - Task failed with exception
Traceback (most recent call last):
  File "/home/airflow/.local/lib/python3.12/site-packages/airflow/models/taskinstance.py", line 465, in _execute_task
    result = _execute_callable(context=context, **execute_callable_kwargs)
             ^^^^^^^^^^^^^^^^^^^^^^^^^^^^^^^^^^^^^^^^^^^^^^^^^^^^^^^^^^^^^
  File "/home/airflow/.local/lib/python3.12/site-packages/airflow/models/taskinstance.py", line 432, in _execute_callable
    return execute_callable(context=context, **execute_callable_kwargs)
           ^^^^^^^^^^^^^^^^^^^^^^^^^^^^^^^^^^^^^^^^^^^^^^^^^^^^^^^^^^^^
  File "/home/airflow/.local/lib/python3.12/site-packages/airflow/models/baseoperator.py", line 400, in wrapper
    return func(self, *args, **kwargs)
           ^^^^^^^^^^^^^^^^^^^^^^^^^^^
  File "/home/airflow/.local/lib/python3.12/site-packages/airflow/decorators/base.py", line 265, in execute
    return_value = super().execute(context)
                   ^^^^^^^^^^^^^^^^^^^^^^^^
  File "/home/airflow/.local/lib/python3.12/site-packages/airflow/models/baseoperator.py", line 400, in wrapper
    return func(self, *args, **kwargs)
           ^^^^^^^^^^^^^^^^^^^^^^^^^^^
  File "/home/airflow/.local/lib/python3.12/site-packages/airflow/operators/python.py", line 235, in execute
    return_value = self.execute_callable()
                   ^^^^^^^^^^^^^^^^^^^^^^^
  File "/home/airflow/.local/lib/python3.12/site-packages/airflow/operators/python.py", line 252, in execute_callable
    return self.python_callable(*self.op_args, **self.op_kwargs)
           ^^^^^^^^^^^^^^^^^^^^^^^^^^^^^^^^^^^^^^^^^^^^^^^^^^^^^
  File "/opt/airflow/dags/elt_duckdb_pipeline.py", line 37, in cargar_staging
    conn.execute(f"""
_duckdb.IOException: IO Error: No files found that match the pattern "/opt/***/staging/*.csv"

LINE 4:             FROM read_csv_auto('/opt/***/staging/*.csv')
                         ^
[2026-02-26T08:25:21.677+0000] {taskinstance.py:1205} INFO - Marking task as UP_FOR_RETRY. dag_id=elt_duckdb_pipeline, task_id=cargar_staging, execution_date=20260225T000000, start_date=20260226T082521, end_date=20260226T082521
[2026-02-26T08:25:21.718+0000] {standard_task_runner.py:110} ERROR - Failed to execute job 6 for task cargar_staging (IO Error: No files found that match the pattern "/opt/***/staging/*.csv"

LINE 4:             FROM read_csv_auto('/opt/***/staging/*.csv')
                         ^; 93)
[2026-02-26T08:25:21.779+0000] {local_task_job_runner.py:240} INFO - Task exited with return code 1
[2026-02-26T08:25:21.799+0000] {taskinstance.py:3482} INFO - 0 downstream tasks scheduled from follow-on schedule check
[2026-02-26T08:25:21.800+0000] {local_task_job_runner.py:222} INFO - ::endgroup::
